# JRE version: Java(TM) SE Runtime Environment (8.0_151-b12) (build 1.8.0_151-b12)
# Java VM: Java HotSpot(TM) 64-Bit Server VM (25.151-b12 mixed mode windows-amd64 compressed oops)
Heap:
 PSYoungGen      total 502272K, used 93020K [0x00000000d5580000, 0x00000000fa500000, 0x0000000100000000)
  eden space 465408K, 12% used [0x00000000d5580000,0x00000000d8c5bf80,0x00000000f1c00000)
  from space 36864K, 99% used [0x00000000f1c00000,0x00000000f3ffb390,0x00000000f4000000)
  to   space 44032K, 0% used [0x00000000f7a00000,0x00000000f7a00000,0x00000000fa500000)
 ParOldGen       total 216064K, used 102437K [0x0000000080000000, 0x000000008d300000, 0x00000000d5580000)
  object space 216064K, 47% used [0x0000000080000000,0x0000000086409600,0x000000008d300000)
 Metaspace       used 101168K, capacity 107334K, committed 107520K, reserved 1142784K
  class space    used 13593K, capacity 14815K, committed 14848K, reserved 1048576K
GC Heap History (10 events):
Event: 17.378 GC heap before
{Heap before GC invocations=17 (full 3):
 PSYoungGen      total 311808K, used 311793K [0x00000000d5580000, 0x00000000f0680000, 0x0000000100000000)
  eden space 286208K, 100% used [0x00000000d5580000,0x00000000e6d00000,0x00000000e6d00000)
  from space 25600K, 99% used [0x00000000e6d00000,0x00000000e85fc548,0x00000000e8600000)
  to   space 35840K, 0% used [0x00000000ee380000,0x00000000ee380000,0x00000000f0680000)
 ParOldGen       total 118272K, used 57513K [0x0000000080000000, 0x0000000087380000, 0x00000000d5580000)
  object space 118272K, 48% used [0x0000000080000000,0x000000008382a730,0x0000000087380000)
 Metaspace       used 84986K, capacity 90088K, committed 90368K, reserved 1126400K
  class space    used 11751K, capacity 12774K, committed 12800K, reserved 1048576K
Event: 17.423 GC heap after
Heap after GC invocations=17 (full 3):
 PSYoungGen      total 405504K, used 25286K [0x00000000d5580000, 0x00000000f0d00000, 0x0000000100000000)
  eden space 369664K, 0% used [0x00000000d5580000,0x00000000d5580000,0x00000000ebe80000)
  from space 35840K, 70% used [0x00000000ee380000,0x00000000efc318a8,0x00000000f0680000)
  to   space 37888K, 0% used [0x00000000ebe80000,0x00000000ebe80000,0x00000000ee380000)
 ParOldGen       total 118272K, used 72343K [0x0000000080000000, 0x0000000087380000, 0x00000000d5580000)
  object space 118272K, 61% used [0x0000000080000000,0x00000000846a5d50,0x0000000087380000)
 Metaspace       used 84986K, capacity 90088K, committed 90368K, reserved 1126400K
  class space    used 11751K, capacity 12774K, committed 12800K, reserved 1048576K
}
Event: 19.118 GC heap before
{Heap before GC invocations=18 (full 3):
 PSYoungGen      total 405504K, used 184370K [0x00000000d5580000, 0x00000000f0d00000, 0x0000000100000000)
  eden space 369664K, 43% used [0x00000000d5580000,0x00000000df0db170,0x00000000ebe80000)
  from space 35840K, 70% used [0x00000000ee380000,0x00000000efc318a8,0x00000000f0680000)
  to   space 37888K, 0% used [0x00000000ebe80000,0x00000000ebe80000,0x00000000ee380000)
 ParOldGen       total 118272K, used 72343K [0x0000000080000000, 0x0000000087380000, 0x00000000d5580000)
  object space 118272K, 61% used [0x0000000080000000,0x00000000846a5d50,0x0000000087380000)
 Metaspace       used 92925K, capacity 98456K, committed 98560K, reserved 1134592K
  class space    used 12680K, capacity 13780K, committed 13824K, reserved 1048576K
Event: 19.155 GC heap after
Heap after GC invocations=18 (full 3):
 PSYoungGen      total 407552K, used 14831K [0x00000000d5580000, 0x00000000f6f80000, 0x0000000100000000)
  eden space 369664K, 0% used [0x00000000d5580000,0x00000000d5580000,0x00000000ebe80000)
  from space 37888K, 39% used [0x00000000ebe80000,0x00000000eccfbd58,0x00000000ee380000)
  to   space 35840K, 0% used [0x00000000f4c80000,0x00000000f4c80000,0x00000000f6f80000)
 ParOldGen       total 118272K, used 95775K [0x0000000080000000, 0x0000000087380000, 0x00000000d5580000)
  object space 118272K, 80% used [0x0000000080000000,0x0000000085d87c80,0x0000000087380000)
 Metaspace       used 92925K, capacity 98456K, committed 98560K, reserved 1134592K
  class space    used 12680K, capacity 13780K, committed 13824K, reserved 1048576K
}
Event: 19.155 GC heap before
{Heap before GC invocations=19 (full 4):
 PSYoungGen      total 407552K, used 14831K [0x00000000d5580000, 0x00000000f6f80000, 0x0000000100000000)
  eden space 369664K, 0% used [0x00000000d5580000,0x00000000d5580000,0x00000000ebe80000)
  from space 37888K, 39% used [0x00000000ebe80000,0x00000000eccfbd58,0x00000000ee380000)
  to   space 35840K, 0% used [0x00000000f4c80000,0x00000000f4c80000,0x00000000f6f80000)
 ParOldGen       total 118272K, used 95775K [0x0000000080000000, 0x0000000087380000, 0x00000000d5580000)
  object space 118272K, 80% used [0x0000000080000000,0x0000000085d87c80,0x0000000087380000)
 Metaspace       used 92925K, capacity 98456K, committed 98560K, reserved 1134592K
  class space    used 12680K, capacity 13780K, committed 13824K, reserved 1048576K
Event: 19.579 GC heap after
Heap after GC invocations=19 (full 4):
 PSYoungGen      total 407552K, used 0K [0x00000000d5580000, 0x00000000f6f80000, 0x0000000100000000)
  eden space 369664K, 0% used [0x00000000d5580000,0x00000000d5580000,0x00000000ebe80000)
  from space 37888K, 0% used [0x00000000ebe80000,0x00000000ebe80000,0x00000000ee380000)
  to   space 35840K, 0% used [0x00000000f4c80000,0x00000000f4c80000,0x00000000f6f80000)
 ParOldGen       total 216064K, used 97873K [0x0000000080000000, 0x000000008d300000, 0x00000000d5580000)
  object space 216064K, 45% used [0x0000000080000000,0x0000000085f94538,0x000000008d300000)
 Metaspace       used 92505K, capacity 97222K, committed 98560K, reserved 1134592K
  class space    used 12544K, capacity 13521K, committed 13824K, reserved 1048576K
}
Event: 309.466 GC heap before
{Heap before GC invocations=20 (full 4):
 PSYoungGen      total 407552K, used 369664K [0x00000000d5580000, 0x00000000f6f80000, 0x0000000100000000)
  eden space 369664K, 100% used [0x00000000d5580000,0x00000000ebe80000,0x00000000ebe80000)
  from space 37888K, 0% used [0x00000000ebe80000,0x00000000ebe80000,0x00000000ee380000)
  to   space 35840K, 0% used [0x00000000f4c80000,0x00000000f4c80000,0x00000000f6f80000)
 ParOldGen       total 216064K, used 97873K [0x0000000080000000, 0x000000008d300000, 0x00000000d5580000)
  object space 216064K, 45% used [0x0000000080000000,0x0000000085f94538,0x000000008d300000)
 Metaspace       used 96309K, capacity 101620K, committed 102016K, reserved 1136640K
  class space    used 12989K, capacity 14090K, committed 14208K, reserved 1048576K
Event: 309.492 GC heap after
Heap after GC invocations=20 (full 4):
 PSYoungGen      total 480768K, used 23702K [0x00000000d5580000, 0x00000000f6400000, 0x0000000100000000)
  eden space 456704K, 0% used [0x00000000d5580000,0x00000000d5580000,0x00000000f1380000)
  from space 24064K, 98% used [0x00000000f4c80000,0x00000000f63a5a50,0x00000000f6400000)
  to   space 36864K, 0% used [0x00000000f1c00000,0x00000000f1c00000,0x00000000f4000000)
 ParOldGen       total 216064K, used 97881K [0x0000000080000000, 0x000000008d300000, 0x00000000d5580000)
  object space 216064K, 45% used [0x0000000080000000,0x0000000085f96538,0x000000008d300000)
 Metaspace       used 96309K, capacity 101620K, committed 102016K, reserved 1136640K
  class space    used 12989K, capacity 14090K, committed 14208K, reserved 1048576K
}
Event: 368.780 GC heap before
{Heap before GC invocations=21 (full 4):
 PSYoungGen      total 480768K, used 480406K [0x00000000d5580000, 0x00000000f6400000, 0x0000000100000000)
  eden space 456704K, 100% used [0x00000000d5580000,0x00000000f1380000,0x00000000f1380000)
  from space 24064K, 98% used [0x00000000f4c80000,0x00000000f63a5a50,0x00000000f6400000)
  to   space 36864K, 0% used [0x00000000f1c00000,0x00000000f1c00000,0x00000000f4000000)
 ParOldGen       total 216064K, used 97881K [0x0000000080000000, 0x000000008d300000, 0x00000000d5580000)
  object space 216064K, 45% used [0x0000000080000000,0x0000000085f96538,0x000000008d300000)
 Metaspace       used 101076K, capacity 107202K, committed 107264K, reserved 1142784K
  class space    used 13592K, capacity 14815K, committed 14848K, reserved 1048576K
Event: 368.901 GC heap after
Heap after GC invocations=21 (full 4):
 PSYoungGen      total 502272K, used 36844K [0x00000000d5580000, 0x00000000fa500000, 0x0000000100000000)
  eden space 465408K, 0% used [0x00000000d5580000,0x00000000d5580000,0x00000000f1c00000)
  from space 36864K, 99% used [0x00000000f1c00000,0x00000000f3ffb390,0x00000000f4000000)
  to   space 44032K, 0% used [0x00000000f7a00000,0x00000000f7a00000,0x00000000fa500000)
 ParOldGen       total 216064K, used 102437K [0x0000000080000000, 0x000000008d300000, 0x00000000d5580000)
  object space 216064K, 47% used [0x0000000080000000,0x0000000086409600,0x000000008d300000)
 Metaspace       used 101076K, capacity 107202K, committed 107264K, reserved 1142784K
  class space    used 13592K, capacity 14815K, committed 14848K, reserved 1048576K
}

