# JRE version: Java(TM) SE Runtime Environment (8.0_151-b12) (build 1.8.0_151-b12)
# Java VM: Java HotSpot(TM) 64-Bit Server VM (25.151-b12 mixed mode windows-amd64 compressed oops)
Heap:
 PSYoungGen      total 64512K, used 25300K [0x00000000d6780000, 0x00000000dcf80000, 0x0000000100000000)
  eden space 59392K, 33% used [0x00000000d6780000,0x00000000d7b37dc8,0x00000000da180000)
  from space 5120K, 99% used [0x00000000da780000,0x00000000dac7d3d0,0x00000000dac80000)
  to   space 23552K, 0% used [0x00000000db880000,0x00000000db880000,0x00000000dcf80000)
 ParOldGen       total 93696K, used 43825K [0x0000000083600000, 0x0000000089180000, 0x00000000d6780000)
  object space 93696K, 46% used [0x0000000083600000,0x00000000860cc720,0x0000000089180000)
 Metaspace       used 43069K, capacity 43734K, committed 44080K, reserved 1089536K
  class space    used 5417K, capacity 5587K, committed 5680K, reserved 1048576K
GC Heap History (10 events):
Event: 3.154 GC heap before
{Heap before GC invocations=5 (full 1):
 PSYoungGen      total 37888K, used 32768K [0x00000000d6780000, 0x00000000db180000, 0x0000000100000000)
  eden space 32768K, 100% used [0x00000000d6780000,0x00000000d8780000,0x00000000d8780000)
  from space 5120K, 0% used [0x00000000d8780000,0x00000000d8780000,0x00000000d8c80000)
  to   space 5120K, 0% used [0x00000000dac80000,0x00000000dac80000,0x00000000db180000)
 ParOldGen       total 93696K, used 22213K [0x0000000083600000, 0x0000000089180000, 0x00000000d6780000)
  object space 93696K, 23% used [0x0000000083600000,0x0000000084bb17d8,0x0000000089180000)
 Metaspace       used 25137K, capacity 25696K, committed 25776K, reserved 1071104K
  class space    used 3276K, capacity 3472K, committed 3504K, reserved 1048576K
Event: 3.164 GC heap after
Heap after GC invocations=5 (full 1):
 PSYoungGen      total 49664K, used 5100K [0x00000000d6780000, 0x00000000db180000, 0x0000000100000000)
  eden space 44544K, 0% used [0x00000000d6780000,0x00000000d6780000,0x00000000d9300000)
  from space 5120K, 99% used [0x00000000dac80000,0x00000000db17b018,0x00000000db180000)
  to   space 5120K, 0% used [0x00000000da780000,0x00000000da780000,0x00000000dac80000)
 ParOldGen       total 93696K, used 24232K [0x0000000083600000, 0x0000000089180000, 0x00000000d6780000)
  object space 93696K, 25% used [0x0000000083600000,0x0000000084daa208,0x0000000089180000)
 Metaspace       used 25137K, capacity 25696K, committed 25776K, reserved 1071104K
  class space    used 3276K, capacity 3472K, committed 3504K, reserved 1048576K
}
Event: 4.150 GC heap before
{Heap before GC invocations=6 (full 1):
 PSYoungGen      total 49664K, used 49644K [0x00000000d6780000, 0x00000000db180000, 0x0000000100000000)
  eden space 44544K, 100% used [0x00000000d6780000,0x00000000d9300000,0x00000000d9300000)
  from space 5120K, 99% used [0x00000000dac80000,0x00000000db17b018,0x00000000db180000)
  to   space 5120K, 0% used [0x00000000da780000,0x00000000da780000,0x00000000dac80000)
 ParOldGen       total 93696K, used 24232K [0x0000000083600000, 0x0000000089180000, 0x00000000d6780000)
  object space 93696K, 25% used [0x0000000083600000,0x0000000084daa208,0x0000000089180000)
 Metaspace       used 31666K, capacity 32242K, committed 32688K, reserved 1077248K
  class space    used 4030K, capacity 4217K, committed 4272K, reserved 1048576K
Event: 4.162 GC heap after
Heap after GC invocations=6 (full 1):
 PSYoungGen      total 64512K, used 5111K [0x00000000d6780000, 0x00000000dcf80000, 0x0000000100000000)
  eden space 59392K, 0% used [0x00000000d6780000,0x00000000d6780000,0x00000000da180000)
  from space 5120K, 99% used [0x00000000da780000,0x00000000dac7dc80,0x00000000dac80000)
  to   space 23552K, 0% used [0x00000000db880000,0x00000000db880000,0x00000000dcf80000)
 ParOldGen       total 93696K, used 34966K [0x0000000083600000, 0x0000000089180000, 0x00000000d6780000)
  object space 93696K, 37% used [0x0000000083600000,0x0000000085825820,0x0000000089180000)
 Metaspace       used 31666K, capacity 32242K, committed 32688K, reserved 1077248K
  class space    used 4030K, capacity 4217K, committed 4272K, reserved 1048576K
}
Event: 4.444 GC heap before
{Heap before GC invocations=7 (full 1):
 PSYoungGen      total 64512K, used 24242K [0x00000000d6780000, 0x00000000dcf80000, 0x0000000100000000)
  eden space 59392K, 32% used [0x00000000d6780000,0x00000000d7a2ed68,0x00000000da180000)
  from space 5120K, 99% used [0x00000000da780000,0x00000000dac7dc80,0x00000000dac80000)
  to   space 23552K, 0% used [0x00000000db880000,0x00000000db880000,0x00000000dcf80000)
 ParOldGen       total 93696K, used 34966K [0x0000000083600000, 0x0000000089180000, 0x00000000d6780000)
  object space 93696K, 37% used [0x0000000083600000,0x0000000085825820,0x0000000089180000)
 Metaspace       used 34714K, capacity 35198K, committed 35496K, reserved 1081344K
  class space    used 4441K, capacity 4603K, committed 4656K, reserved 1048576K
Event: 4.452 GC heap after
Heap after GC invocations=7 (full 1):
 PSYoungGen      total 82944K, used 9778K [0x00000000d6780000, 0x00000000dcf80000, 0x0000000100000000)
  eden space 59392K, 0% used [0x00000000d6780000,0x00000000d6780000,0x00000000da180000)
  from space 23552K, 41% used [0x00000000db880000,0x00000000dc20cad8,0x00000000dcf80000)
  to   space 5120K, 0% used [0x00000000da780000,0x00000000da780000,0x00000000dac80000)
 ParOldGen       total 93696K, used 34974K [0x0000000083600000, 0x0000000089180000, 0x00000000d6780000)
  object space 93696K, 37% used [0x0000000083600000,0x0000000085827820,0x0000000089180000)
 Metaspace       used 34714K, capacity 35198K, committed 35496K, reserved 1081344K
  class space    used 4441K, capacity 4603K, committed 4656K, reserved 1048576K
}
Event: 4.452 GC heap before
{Heap before GC invocations=8 (full 2):
 PSYoungGen      total 82944K, used 9778K [0x00000000d6780000, 0x00000000dcf80000, 0x0000000100000000)
  eden space 59392K, 0% used [0x00000000d6780000,0x00000000d6780000,0x00000000da180000)
  from space 23552K, 41% used [0x00000000db880000,0x00000000dc20cad8,0x00000000dcf80000)
  to   space 5120K, 0% used [0x00000000da780000,0x00000000da780000,0x00000000dac80000)
 ParOldGen       total 93696K, used 34974K [0x0000000083600000, 0x0000000089180000, 0x00000000d6780000)
  object space 93696K, 37% used [0x0000000083600000,0x0000000085827820,0x0000000089180000)
 Metaspace       used 34714K, capacity 35198K, committed 35496K, reserved 1081344K
  class space    used 4441K, capacity 4603K, committed 4656K, reserved 1048576K
Event: 4.516 GC heap after
Heap after GC invocations=8 (full 2):
 PSYoungGen      total 82944K, used 0K [0x00000000d6780000, 0x00000000dcf80000, 0x0000000100000000)
  eden space 59392K, 0% used [0x00000000d6780000,0x00000000d6780000,0x00000000da180000)
  from space 23552K, 0% used [0x00000000db880000,0x00000000db880000,0x00000000dcf80000)
  to   space 5120K, 0% used [0x00000000da780000,0x00000000da780000,0x00000000dac80000)
 ParOldGen       total 93696K, used 32188K [0x0000000083600000, 0x0000000089180000, 0x00000000d6780000)
  object space 93696K, 34% used [0x0000000083600000,0x000000008556f218,0x0000000089180000)
 Metaspace       used 34714K, capacity 35198K, committed 35496K, reserved 1081344K
  class space    used 4441K, capacity 4603K, committed 4656K, reserved 1048576K
}
Event: 5.330 GC heap before
{Heap before GC invocations=9 (full 2):
 PSYoungGen      total 82944K, used 59392K [0x00000000d6780000, 0x00000000dcf80000, 0x0000000100000000)
  eden space 59392K, 100% used [0x00000000d6780000,0x00000000da180000,0x00000000da180000)
  from space 23552K, 0% used [0x00000000db880000,0x00000000db880000,0x00000000dcf80000)
  to   space 5120K, 0% used [0x00000000da780000,0x00000000da780000,0x00000000dac80000)
 ParOldGen       total 93696K, used 32188K [0x0000000083600000, 0x0000000089180000, 0x00000000d6780000)
  object space 93696K, 34% used [0x0000000083600000,0x000000008556f218,0x0000000089180000)
 Metaspace       used 42593K, capacity 43302K, committed 43824K, reserved 1089536K
  class space    used 5365K, capacity 5553K, committed 5680K, reserved 1048576K
Event: 5.346 GC heap after
Heap after GC invocations=9 (full 2):
 PSYoungGen      total 64512K, used 5108K [0x00000000d6780000, 0x00000000dcf80000, 0x0000000100000000)
  eden space 59392K, 0% used [0x00000000d6780000,0x00000000d6780000,0x00000000da180000)
  from space 5120K, 99% used [0x00000000da780000,0x00000000dac7d3d0,0x00000000dac80000)
  to   space 23552K, 0% used [0x00000000db880000,0x00000000db880000,0x00000000dcf80000)
 ParOldGen       total 93696K, used 43825K [0x0000000083600000, 0x0000000089180000, 0x00000000d6780000)
  object space 93696K, 46% used [0x0000000083600000,0x00000000860cc720,0x0000000089180000)
 Metaspace       used 42593K, capacity 43302K, committed 43824K, reserved 1089536K
  class space    used 5365K, capacity 5553K, committed 5680K, reserved 1048576K
}

