# JRE version: Java(TM) SE Runtime Environment (8.0_151-b12) (build 1.8.0_151-b12)
# Java VM: Java HotSpot(TM) 64-Bit Server VM (25.151-b12 mixed mode windows-amd64 compressed oops)
Heap:
 PSYoungGen      total 205824K, used 37241K [0x00000000d5580000, 0x00000000e5a00000, 0x0000000100000000)
  eden space 175616K, 10% used [0x00000000d5580000,0x00000000d6778f98,0x00000000e0100000)
  from space 30208K, 62% used [0x00000000e0100000,0x00000000e13657f8,0x00000000e1e80000)
  to   space 30720K, 0% used [0x00000000e3c00000,0x00000000e3c00000,0x00000000e5a00000)
 ParOldGen       total 146432K, used 67424K [0x0000000080000000, 0x0000000088f00000, 0x00000000d5580000)
  object space 146432K, 46% used [0x0000000080000000,0x00000000841d82e8,0x0000000088f00000)
 Metaspace       used 76152K, capacity 80037K, committed 80384K, reserved 1118208K
  class space    used 10622K, capacity 11411K, committed 11520K, reserved 1048576K
GC Heap History (10 events):
Event: 7.969 GC heap before
{Heap before GC invocations=14 (full 2):
 PSYoungGen      total 150528K, used 121106K [0x00000000d5580000, 0x00000000e1400000, 0x0000000100000000)
  eden space 138752K, 78% used [0x00000000d5580000,0x00000000dc0495a0,0x00000000ddd00000)
  from space 11776K, 99% used [0x00000000ddd00000,0x00000000de87b420,0x00000000de880000)
  to   space 16896K, 0% used [0x00000000e0380000,0x00000000e0380000,0x00000000e1400000)
 ParOldGen       total 89600K, used 25510K [0x0000000080000000, 0x0000000085780000, 0x00000000d5580000)
  object space 89600K, 28% used [0x0000000080000000,0x00000000818e9958,0x0000000085780000)
 Metaspace       used 56761K, capacity 59111K, committed 59160K, reserved 1099776K
  class space    used 7855K, capacity 8320K, committed 8320K, reserved 1048576K
Event: 7.990 GC heap after
Heap after GC invocations=14 (full 2):
 PSYoungGen      total 173568K, used 16876K [0x00000000d5580000, 0x00000000e2880000, 0x0000000100000000)
  eden space 156672K, 0% used [0x00000000d5580000,0x00000000d5580000,0x00000000dee80000)
  from space 16896K, 99% used [0x00000000e0380000,0x00000000e13fb190,0x00000000e1400000)
  to   space 21504K, 0% used [0x00000000dee80000,0x00000000dee80000,0x00000000e0380000)
 ParOldGen       total 89600K, used 32341K [0x0000000080000000, 0x0000000085780000, 0x00000000d5580000)
  object space 89600K, 36% used [0x0000000080000000,0x0000000081f954a8,0x0000000085780000)
 Metaspace       used 56761K, capacity 59111K, committed 59160K, reserved 1099776K
  class space    used 7855K, capacity 8320K, committed 8320K, reserved 1048576K
}
Event: 7.990 GC heap before
{Heap before GC invocations=15 (full 3):
 PSYoungGen      total 173568K, used 16876K [0x00000000d5580000, 0x00000000e2880000, 0x0000000100000000)
  eden space 156672K, 0% used [0x00000000d5580000,0x00000000d5580000,0x00000000dee80000)
  from space 16896K, 99% used [0x00000000e0380000,0x00000000e13fb190,0x00000000e1400000)
  to   space 21504K, 0% used [0x00000000dee80000,0x00000000dee80000,0x00000000e0380000)
 ParOldGen       total 89600K, used 32341K [0x0000000080000000, 0x0000000085780000, 0x00000000d5580000)
  object space 89600K, 36% used [0x0000000080000000,0x0000000081f954a8,0x0000000085780000)
 Metaspace       used 56761K, capacity 59111K, committed 59160K, reserved 1099776K
  class space    used 7855K, capacity 8320K, committed 8320K, reserved 1048576K
Event: 8.232 GC heap after
Heap after GC invocations=15 (full 3):
 PSYoungGen      total 173568K, used 0K [0x00000000d5580000, 0x00000000e2880000, 0x0000000100000000)
  eden space 156672K, 0% used [0x00000000d5580000,0x00000000d5580000,0x00000000dee80000)
  from space 16896K, 0% used [0x00000000e0380000,0x00000000e0380000,0x00000000e1400000)
  to   space 21504K, 0% used [0x00000000dee80000,0x00000000dee80000,0x00000000e0380000)
 ParOldGen       total 146432K, used 37879K [0x0000000080000000, 0x0000000088f00000, 0x00000000d5580000)
  object space 146432K, 25% used [0x0000000080000000,0x00000000824fdc70,0x0000000088f00000)
 Metaspace       used 56724K, capacity 58985K, committed 59160K, reserved 1099776K
  class space    used 7843K, capacity 8299K, committed 8320K, reserved 1048576K
}
Event: 10.423 GC heap before
{Heap before GC invocations=16 (full 3):
 PSYoungGen      total 173568K, used 156672K [0x00000000d5580000, 0x00000000e2880000, 0x0000000100000000)
  eden space 156672K, 100% used [0x00000000d5580000,0x00000000dee80000,0x00000000dee80000)
  from space 16896K, 0% used [0x00000000e0380000,0x00000000e0380000,0x00000000e1400000)
  to   space 21504K, 0% used [0x00000000dee80000,0x00000000dee80000,0x00000000e0380000)
 ParOldGen       total 146432K, used 37879K [0x0000000080000000, 0x0000000088f00000, 0x00000000d5580000)
  object space 146432K, 25% used [0x0000000080000000,0x00000000824fdc70,0x0000000088f00000)
 Metaspace       used 65022K, capacity 67911K, committed 68224K, reserved 1107968K
  class space    used 9124K, capacity 9744K, committed 9856K, reserved 1048576K
Event: 10.439 GC heap after
Heap after GC invocations=16 (full 3):
 PSYoungGen      total 178176K, used 19331K [0x00000000d5580000, 0x00000000e3580000, 0x0000000100000000)
  eden space 156672K, 0% used [0x00000000d5580000,0x00000000d5580000,0x00000000dee80000)
  from space 21504K, 89% used [0x00000000dee80000,0x00000000e0160cb0,0x00000000e0380000)
  to   space 23552K, 0% used [0x00000000e1e80000,0x00000000e1e80000,0x00000000e3580000)
 ParOldGen       total 146432K, used 37887K [0x0000000080000000, 0x0000000088f00000, 0x00000000d5580000)
  object space 146432K, 25% used [0x0000000080000000,0x00000000824ffc70,0x0000000088f00000)
 Metaspace       used 65022K, capacity 67911K, committed 68224K, reserved 1107968K
  class space    used 9124K, capacity 9744K, committed 9856K, reserved 1048576K
}
Event: 12.207 GC heap before
{Heap before GC invocations=17 (full 3):
 PSYoungGen      total 178176K, used 176003K [0x00000000d5580000, 0x00000000e3580000, 0x0000000100000000)
  eden space 156672K, 100% used [0x00000000d5580000,0x00000000dee80000,0x00000000dee80000)
  from space 21504K, 89% used [0x00000000dee80000,0x00000000e0160cb0,0x00000000e0380000)
  to   space 23552K, 0% used [0x00000000e1e80000,0x00000000e1e80000,0x00000000e3580000)
 ParOldGen       total 146432K, used 37887K [0x0000000080000000, 0x0000000088f00000, 0x00000000d5580000)
  object space 146432K, 25% used [0x0000000080000000,0x00000000824ffc70,0x0000000088f00000)
 Metaspace       used 68984K, capacity 72497K, committed 72704K, reserved 1112064K
  class space    used 9663K, capacity 10413K, committed 10496K, reserved 1048576K
Event: 12.235 GC heap after
Heap after GC invocations=17 (full 3):
 PSYoungGen      total 199168K, used 23545K [0x00000000d5580000, 0x00000000e4380000, 0x0000000100000000)
  eden space 175616K, 0% used [0x00000000d5580000,0x00000000d5580000,0x00000000e0100000)
  from space 23552K, 99% used [0x00000000e1e80000,0x00000000e357e4d0,0x00000000e3580000)
  to   space 30208K, 0% used [0x00000000e0100000,0x00000000e0100000,0x00000000e1e80000)
 ParOldGen       total 146432K, used 46245K [0x0000000080000000, 0x0000000088f00000, 0x00000000d5580000)
  object space 146432K, 31% used [0x0000000080000000,0x0000000082d29488,0x0000000088f00000)
 Metaspace       used 68984K, capacity 72497K, committed 72704K, reserved 1112064K
  class space    used 9663K, capacity 10413K, committed 10496K, reserved 1048576K
}
Event: 14.027 GC heap before
{Heap before GC invocations=18 (full 3):
 PSYoungGen      total 199168K, used 199161K [0x00000000d5580000, 0x00000000e4380000, 0x0000000100000000)
  eden space 175616K, 100% used [0x00000000d5580000,0x00000000e0100000,0x00000000e0100000)
  from space 23552K, 99% used [0x00000000e1e80000,0x00000000e357e4d0,0x00000000e3580000)
  to   space 30208K, 0% used [0x00000000e0100000,0x00000000e0100000,0x00000000e1e80000)
 ParOldGen       total 146432K, used 46245K [0x0000000080000000, 0x0000000088f00000, 0x00000000d5580000)
  object space 146432K, 31% used [0x0000000080000000,0x0000000082d29488,0x0000000088f00000)
 Metaspace       used 74802K, capacity 78501K, committed 78720K, reserved 1116160K
  class space    used 10394K, capacity 11133K, committed 11136K, reserved 1048576K
Event: 14.053 GC heap after
Heap after GC invocations=18 (full 3):
 PSYoungGen      total 205824K, used 18837K [0x00000000d5580000, 0x00000000e5a00000, 0x0000000100000000)
  eden space 175616K, 0% used [0x00000000d5580000,0x00000000d5580000,0x00000000e0100000)
  from space 30208K, 62% used [0x00000000e0100000,0x00000000e13657f8,0x00000000e1e80000)
  to   space 30720K, 0% used [0x00000000e3c00000,0x00000000e3c00000,0x00000000e5a00000)
 ParOldGen       total 146432K, used 67424K [0x0000000080000000, 0x0000000088f00000, 0x00000000d5580000)
  object space 146432K, 46% used [0x0000000080000000,0x00000000841d82e8,0x0000000088f00000)
 Metaspace       used 74802K, capacity 78501K, committed 78720K, reserved 1116160K
  class space    used 10394K, capacity 11133K, committed 11136K, reserved 1048576K
}

